* installing *source* package ‘Rlgt’ ...
** libs
make[1]: Entering directory '/home/rwinwibowo/Documents/wip2018/git2/rlgt/Rlgt.Rcheck/00_pkg_src/Rlgt/src'
g++ -std=gnu++11 -I/usr/share/R/include -DNDEBUG -I"`"/usr/lib/R/bin/Rscript" --vanilla -e "cat(system.file('include', 'src', package = 'StanHeaders'))"`" -DBOOST_RESULT_OF_USE_TR1 -DBOOST_NO_DECLTYPE -DBOOST_DISABLE_ASSERTS -DEIGEN_NO_DEBUG -I"/home/rwinwibowo/R/x86_64-pc-linux-gnu-library/3.4/StanHeaders/include" -I"/home/rwinwibowo/R/x86_64-pc-linux-gnu-library/3.4/rstan/include" -I"/home/rwinwibowo/R/x86_64-pc-linux-gnu-library/3.4/BH/include" -I"/home/rwinwibowo/R/x86_64-pc-linux-gnu-library/3.4/Rcpp/include" -I"/home/rwinwibowo/R/x86_64-pc-linux-gnu-library/3.4/RcppEigen/include"    -fpic  -g -O2 -fstack-protector --param=ssp-buffer-size=4 -Wformat -Werror=format-security -D_FORTIFY_SOURCE=2 -g -c Modules.cpp -o Modules.o
In file included from /home/rwinwibowo/R/x86_64-pc-linux-gnu-library/3.4/rstan/include/rstan/rstaninc.hpp:3:0,
                 from include/models.hpp:5,
                 from Modules.cpp:3:
/home/rwinwibowo/R/x86_64-pc-linux-gnu-library/3.4/rstan/include/rstan/stan_fit.hpp: In function ‘int rstan::{anonymous}::command(rstan::stan_args&, Model&, Rcpp::List&, const std::vector<long unsigned int>&, const std::vector<std::__cxx11::basic_string<char> >&, RNG_t&)’:
/home/rwinwibowo/R/x86_64-pc-linux-gnu-library/3.4/rstan/include/rstan/stan_fit.hpp:438:8: warning: ‘template<class> class std::auto_ptr’ is deprecated [-Wdeprecated-declarations]
   std::auto_ptr<stan::io::var_context> init_context_ptr;
        ^
In file included from /usr/include/c++/5/bits/locale_conv.h:41:0,
                 from /usr/include/c++/5/locale:43,
                 from /usr/include/c++/5/iomanip:43,
                 from /home/rwinwibowo/R/x86_64-pc-linux-gnu-library/3.4/Rcpp/include/RcppCommon.h:52,
                 from /home/rwinwibowo/R/x86_64-pc-linux-gnu-library/3.4/Rcpp/include/Rcpp.h:27,
                 from Modules.cpp:1:
/usr/include/c++/5/bits/unique_ptr.h:49:28: note: declared here
   template<typename> class auto_ptr;
                            ^
In file included from /home/rwinwibowo/R/x86_64-pc-linux-gnu-library/3.4/rstan/include/rstan/rstaninc.hpp:3:0,
                 from include/models.hpp:5,
                 from Modules.cpp:3:
/home/rwinwibowo/R/x86_64-pc-linux-gnu-library/3.4/rstan/include/rstan/stan_fit.hpp:547:10: warning: ‘template<class> class std::auto_ptr’ is deprecated [-Wdeprecated-declarations]
     std::auto_ptr<rstan_sample_writer> sample_writer_ptr;
          ^
In file included from /usr/include/c++/5/bits/locale_conv.h:41:0,
                 from /usr/include/c++/5/locale:43,
                 from /usr/include/c++/5/iomanip:43,
                 from /home/rwinwibowo/R/x86_64-pc-linux-gnu-library/3.4/Rcpp/include/RcppCommon.h:52,
                 from /home/rwinwibowo/R/x86_64-pc-linux-gnu-library/3.4/Rcpp/include/Rcpp.h:27,
                 from Modules.cpp:1:
/usr/include/c++/5/bits/unique_ptr.h:49:28: note: declared here
   template<typename> class auto_ptr;
                            ^
gcc -std=gnu99 -I/usr/share/R/include -DNDEBUG -I"`"/usr/lib/R/bin/Rscript" --vanilla -e "cat(system.file('include', 'src', package = 'StanHeaders'))"`" -DBOOST_RESULT_OF_USE_TR1 -DBOOST_NO_DECLTYPE -DBOOST_DISABLE_ASSERTS -DEIGEN_NO_DEBUG -I"/home/rwinwibowo/R/x86_64-pc-linux-gnu-library/3.4/StanHeaders/include" -I"/home/rwinwibowo/R/x86_64-pc-linux-gnu-library/3.4/rstan/include" -I"/home/rwinwibowo/R/x86_64-pc-linux-gnu-library/3.4/BH/include" -I"/home/rwinwibowo/R/x86_64-pc-linux-gnu-library/3.4/Rcpp/include" -I"/home/rwinwibowo/R/x86_64-pc-linux-gnu-library/3.4/RcppEigen/include"    -fpic  -g -O2 -fstack-protector --param=ssp-buffer-size=4 -Wformat -Werror=format-security -D_FORTIFY_SOURCE=2 -g  -c Rlgt_init.c -o Rlgt_init.o
g++ -std=gnu++11 -shared -L/usr/lib/R/lib -Wl,-Bsymbolic-functions -Wl,-z,relro -o Rlgt.so Modules.o Rlgt_init.o -L/usr/lib/R/lib -lR
make[1]: Leaving directory '/home/rwinwibowo/Documents/wip2018/git2/rlgt/Rlgt.Rcheck/00_pkg_src/Rlgt/src'
make[1]: Entering directory '/home/rwinwibowo/Documents/wip2018/git2/rlgt/Rlgt.Rcheck/00_pkg_src/Rlgt/src'
make[1]: Leaving directory '/home/rwinwibowo/Documents/wip2018/git2/rlgt/Rlgt.Rcheck/00_pkg_src/Rlgt/src'
installing to /home/rwinwibowo/Documents/wip2018/git2/rlgt/Rlgt.Rcheck/Rlgt/libs
** R
** exec
** inst
** preparing package for lazy loading
** help
*** installing help indices
** building package indices
** testing if installed package can be loaded
* DONE (Rlgt)
